 --- Created by hyper, version 0.7 (31 Dec 2002)
 --- Date: 17:17 24Nov2024
 --- Uses module Methods, version 0.8 (24 Dec 2007)
 --- Reading from file: C:\Users\alexa\Bureau\Perso\ESTACA\5A\Projet5A\MDOHypersonic\Module_Aero\hyperFolder\Analyse_Module_Aero.inp
 Analyse module aero
 Mach= 3.200  Sref=     39.7000  Cbar=  4.4553  Span=  8.9107
 Moment Reference,   x=     12.2670  y=      0.0000  z=  0.0000
     8 networks with    5452 panels

 SOLUTIONS FOR COMPLETE VEHICLE IN BODY AXES
  #  alpha   beta      cx        cy        cz       cmx       cmy       cmz
  1  -2.00   0.00   0.03074   0.00000  -0.08498   0.00000   0.04848   0.00000
  2  -1.00   0.00   0.03063   0.00000  -0.04583  -0.00000   0.03359  -0.00000
  3   0.00   0.00   0.03056   0.00000  -0.00613   0.00000   0.01865   0.00000
  4   1.00   0.00   0.03053  -0.00000   0.01411   0.00000   0.01800   0.00000
  5   2.00   0.00   0.03054  -0.00000   0.03600   0.00000   0.01578  -0.00000
  6   4.00   0.00   0.03067  -0.00000   0.08727  -0.00000   0.00606   0.00000
  7   6.00   0.00   0.03092   0.00000   0.14869  -0.00000  -0.01074  -0.00000

 SOLUTIONS FOR COMPLETE VEHICLE IN WIND AXES
  #  alpha   beta     clift    cdrag     cpitch
  1  -2.00   0.00  -0.08386   0.03369   0.04848
  2  -1.00   0.00  -0.04529   0.03143   0.03359
  3   0.00   0.00  -0.00613   0.03056   0.01865
  4   1.00   0.00   0.01357   0.03077   0.01800
  5   2.00   0.00   0.03491   0.03178   0.01578
  6   4.00   0.00   0.08492   0.03669   0.00606
  7   6.00   0.00   0.14465   0.04629  -0.01074

 COMPUTATIONAL METHODS AND AVERAGE NORMALS
    C=compression method;   E=expansion method
   #  C  E    nx     ny     nz
   1  7  5 -0.000  0.635 -0.000   Body
   2  1  5  0.000 -0.001 -1.000   WING-UPPER
   3  1  5  0.000 -0.001 -1.000   WING-UPPER
   4  7  5 -0.000  0.619 -0.000   BODY
   5  7  5 -0.000 -0.635 -0.000   global image of Body
   6  1  5  0.000  0.001 -1.000   global image of WING-UPPER
   7  1  5  0.000  0.001 -1.000   global image of WING-UPPER
   8  7  5 -0.000 -0.619 -0.000   global image of BODY

 COMPRESSION METHODS
    1  Modified Newtonian
    2  Newtonian-Prandtl-Meyer
    3  Tangent Wedge
    4  Tangent Wedge Infinite Mach
    5  Old Tangent Cone
    6  Cone At Angle Of Attack (later)
    7  VanDyke Unified
    8  Blunt Body Viscous (later)
    9  Shock Expansion (later)
   10  Free Molecular Flow (later)
   11  Input value of CpStag
   12  Hankey Flat Surface
   13  Smyth Delta Wing
   14  Modified Dahlem-Buck
   15  BlastWave (later)
   16  OSUBluntBody
   17  Tangent Cone (Edwards)

 EXPANSION METHODS
    1  Cp=0
    2  NewtonianPrandtlMeyer
    3  PrandtlMeyer
    4  ConeAtAngleOfAttack(later)
    5  VanDykeUnified
    6  Vacuum
    7  Shock Expansion (later)
    8  Input Value
    9  Free Molecular Flow(later)
   10  Modified Dahlem-Buck
   11  ACMempirical(later)
   12  half Prandtl-Meyer from freestream
